150
150
153
130
154
154
154
146
114
154
150
147
137
155
146
154
154
159
154
146
163
147
147
147
146
154
147
154
147
121
147
146
152
147
163
117
147
142
154
147
122
130
146
146
147
154
154
147
147
154
146
147
146
119
139
170
129
147
146
122
147
147
121
130
147
146
147
137
147
147
132
104
147
177
147
146
147
147
146
147
146
147
147
147
154
147
123
159
146
147
153
154
-1
147
170
147
154
137
134
170
155
154
138
104
154
154
147
155
147
129
147
155
146
170
160
159
147
146
147
148
147
147
147
146
137
147
147
136
134
166
83
147
163
154
146
154
154
147
147
147
138
137
136
170
147
147
137
137
126
147
117
146
149
137
147
120
130
147
146
154
147
147
154
147
154
147
147
147
119
154
146
154
146
60
133
152
134
147
146
146
134
124
159
154
166
154
147
154
146
147
154
134
134
147
170
154
146
-1
147
-1
130
130
114
137
111
147
146
150
155
146
147
130
155
154
123
159
153
-1
154
114
146
163
146
137
134
147
146
146
137
-1
146
146
147
170
134
154
147
159
146
125
130
124
177
154
154
154
146
130
130
147
163
121
132
147
127
137
146
147
137
136
146
137
154
146
123
111
146
146
155
134
155
-1
146
147
154
170
146
130
154
137
123
146
129
154
163
154
136
136
138
122
-1
111
154
-1
147
147
73
136
154
146
169
147
154
154
127
147
114
146
154
159
150
127
147
147
147
147
154
-1
134
154
146
127
154
150
121
137
147
149
155
147
77
154
147
163
-1
130
146
154
154
134
120
146
146
163
111
124
146
146
160
154
154
147
126
170
154
154
150
154
114
146
163
147
146
146
155
147
126
166
154
147
152
163
146
136
147
146
155
154
147
154
146
119
147
146
146
147
127
149
154
149
154
87
154
154
146
137
154
147
-1
129
170
147
148
111
150
147
147
127
147
138
150
155
147
120
134
154
154
163
166
147
147
146
136
138
134
147
87
154
146
147
170
137
137
147
147
154
147
136
147
166
146
147
134
130
137
121
154
122
154
136
146
154
146
111
146
147
146
146
146
147
137
146
147
114
130
134
163
133
132
146
147
121
146
147
154
159
138
146
147
154
147
154
147
154
147
-1
147
147
155
77
132
138
147
-1
146
177
147
126
159
123
123
137
147
146
147
155
134
146
117
147
147
149
147
-1
152
137
147
146
121
147
134
127
147
146
121
147
134
124
147
146
154
155
154
154
80
147
-1
146
147
146
147
166
136
147
146
122
133
150
129
170
146
132
111
122
125
138
137
169
154
146
125
154
154
154
147
160
130
159
170
147
147
130
146
147
154
137
146
137
147
147
119
132
146
129
154
129
154
147
147
130
154
154
147
154
120
147
169
159
147
130
138
154
146
154
147
147
130
170
150
147
146
154
200
121
154
163
147
123
140
147
137
146
154
147
154
122
137
130
155
159
129
147
121
125
146
147
114
146
154
147
147
134
124
154
127
148
134
149
147
136
166
154
147
160
147
147
154
109
147
147
146
123
122
147
147
127
146
126
146
154
154
137
149
123
130
139
129
154
147
146
137
133
147
139
134
153
147
124
170
154
127
146
137
146
154
155
137
147
147
147
147
129
159
146
122
137
146
138
122
146
147
169
130
146
137
150
146
154
154
155
147
147
152
163
139
138
147
169
146
154
147
147
154
147
147
154
130
159
147
146
147
147
147
133
-1
134
127
147
146
114
154
147
137
147
129
146
146
136
-1
137
154
147
154
147
159
134
154
147
147
154
155
163
150
-1
147
147
146
147
149
146
154
153
137
146
155
138
109
133
129
138
138
146
154
137
137
155
170
130
147
147
163
154
134
147
147
121
155
139
154
146
163
147
147
147
146
146
146
122
170
154
155
121
146
136
114
147
146
154
154
146
148
154
129
137
147
130
154
147
146
147
147
147
147
137
-1
147
154
146
147
146
137
147
129
146
137
137
146
147
99
146
138
146
147
154
129
147
146
147
154
156
150
146
134
146
138
137
146
146
147
147
170
126
121
137
146
130
142
147
147
154
146
147
137
-1
154
147
137
125
146
-1
154
146
149
147
153
147
146
132
146
134
177
-1
123
130
146
146
134
-1
154
147
154
154
147
137
137
166
138
146
121
146
149
146
130
134
137
149
147
130
147
152
147
147
146
147
127
147
147
147
150
147
147
130
146
147
154
-1
136
147
133
129
147
137
137
146
147
147
121
147
146
104
147
147
147
130
146
177
154
137
111
154
147
147
109
146
147
154
147
146
147
146
147
147
137
146
123
153
146
154
152
147
154
152
147
154
125
136
147
170
155
137
154
147
137
147
146
154
147
121
146
121
146
129
146
154
149
147
146
169
-1
152
146
147
147
127
146
130
149
146
134
163
129
153
147
139
147
129
111
147
137
147
125
114
154
136
149
146
111
154
154
147
114
121
122
154
137
146
155
146
91
147
137
147
154
111
-1
152
121
159
147
137
137
147
150
163
147
146
152
147
130
200
147
147
147
146
154
146
147
154
147
146
127
91
146
137
150
147
129
-1
146
138
154
147
155
134
159
125
134
147
147
-1
147
154
154
111
147
154
123
146
154
170
137
136
170
146
147
147
147
170
163
136
138
146
146
134
-1
149
147
138
121
147
147
147
170
127
146
154
146
147
170
147
114
134
147
155
170
146
159
-1
159
147
147
154
146
-1
134
136
150
121
147
154
146
130
147
147
147
152
146
146
147
166
147
136
-1
146
138
147
146
154
-1
130
147
129
153
-1
152
146
170
147
147
146
170
154
127
147
146
133
133
146
156
146
146
146
147
147
147
159
154
147
120
154
147
163
146
147
155
177
122
127
146
140
146
147
147
147
154
147
136
146
147
137
147
154
170
146
135
129
134
154
160
146
147
149
121
149
137
121
147
147
137
146
146
114
147
170
154
154
134
130
155
146
137
147
-1
146
146
147
163
154
101
-1
147
146
146
163
132
147
154
147
138
146
147
154
147
134
146
147
121
134
125
159
147
147
154
147
170
146
130
154
-1
146
154
101
147
147
150
154
147
146
154
117
147
104
154
153
122
147
-1
147
154
137
154
121
136
138
146
169
136
146
111
147
154
146
147
147
150
111
115
146
147
146
147
146
37
147
147
146
147
134
154
146
137
146
146
137
147
-1
147
146
146
122
146
137
146
155
138
146
137
71
147
154
137
117
159
154
147
154
138
154
114
154
166
154
129
155
147
147
146
137
147
159
114
146
-1
121
147
154
147
137
147
137
146
147
146
147
147
147
147
137
147
152
159
136
147
146
154
147
154
146
147
170
146
147
159
147
169
147
146
163
147
147
154
-1
146
150
147
147
122
155
147
147
129
146
147
154
154
149
137
147
104
159
155
146
146
120
146
137
147
155
-1
159
136
147
154
129
134
146
137
-1
127
154
154
147
154
-1
154
146
200
154
154
147
154
159
147
122
170
139
177
147
147
177
154
134
130
154
177
146
154
147
106
160
154
177
147
134
147
-1
137
-1
147
-1
137
154
154
154
200
137
147
154
147
154
154
163
125
147
147
170
154
138
170
134
146
159
147
127
146
60
163
137
147
177
136
130
163
147
147
147
146
147
146
154
146
154
154
146
147
77
130
146
159
114
147
147
147
147
114
155
147
147
147
-1
153
200
130
146
152
146
154
133
107
-1
154
137
137
81
117
154
147
146
146
149
147
147
147
147
159
147
146
147
147
154
146
149
147
146
125
170
154
154
153
146
154
150
127
147
147
136
122
152
137
109
139
132
163
154
120
154
147
154
147
154
-1
154
154
139
147
147
146
137
146
137
159
146
147
-1
146
127
146
146
150
147
154
149
127
154
146
147
146
147
146
121
154
147
147
147
155
129
147
137
154
146
147
111
147
147
107
154
154
159
136
154
147
146
146
147
136
-1
134
154
150
147
119
-1
104
146
147
147
147
147
154
146
147
147
109
146
159
122
134
147
147
149
154
122
146
147
147
78
154
146
147
155
146
136
130
154
147
122
169
137
154
114
148
147
124
82
150
146
147
132
147
147
170
134
138
138
122
146
146
134
146
120
125
146
137
147
154
147
147
147
147
154
107
147
149
127
-1
147
146
141
147
147
154
154
146
147
134
154
147
137
154
146
147
146
-1
123
147
146
147
147
146
159
147
147
147
154
146
134
-1
154
154
147
147
154
130
134
147
169
99
138
-1
125
146
146
127
146
136
127
169
146
-1
154
155
147
146
147
147
136
-1
146
147
154
119
123
154
153
147
147
163
146
147
154
170
147
127
147
154
134
154
134
147
153
147
147
147
119
137
154
137
137
170
154
127
147
147
-1
147
169
154
169
147
146
146
-1
147
147
155
154
159
142
136
141
146
153
149
154
134
146
137
154
93
137
129
146
122
126
120
134
134
147
154
147
147
146
170
146
136
111
155
130
163
150
93
146
146
169
142
138
146
111
136
147
166
147
154
146
146
146
146
147
147
146
147
-1
147
146
146
154
147
147
138
147
154
150
147
147
147
154
146
137
147
121
154
146
146
200
147
147
147
146
150
147
114
127
147
130
154
159
150
147
147
166
146
147
-1
-1
147
147
146
146
122
170
