47
29
41
48
35
35
47
39
39
47
-1
35
47
47
40
33
35
47
32
41
47
47
47
47
30
32
44
47
47
47
-1
41
41
47
40
47
47
41
-1
47
41
47
44
-1
41
-1
47
47
47
47
47
35
47
43
35
39
47
42
41
41
44
47
42
41
47
40
47
44
41
35
47
41
47
41
44
47
47
35
47
47
35
40
-1
41
41
42
39
50
47
47
43
47
47
47
47
41
41
47
47
47
47
47
44
39
47
41
44
44
51
39
39
47
35
47
29
47
47
35
41
47
42
33
39
45
35
41
34
40
47
37
47
42
35
47
-1
47
39
32
47
40
33
47
40
47
47
47
-1
37
47
47
47
-1
47
39
47
41
41
47
44
47
47
44
47
47
39
-1
-1
47
40
35
35
42
37
47
35
47
41
44
47
40
47
43
47
44
50
43
47
35
-1
39
47
42
47
49
35
47
47
47
35
47
47
31
41
40
41
48
47
47
47
41
47
47
39
35
47
39
42
27
41
41
31
47
41
39
42
42
47
33
47
-1
47
47
-1
31
-1
40
47
41
47
47
47
41
31
-1
50
47
34
41
41
34
35
47
43
47
47
39
40
48
47
39
47
47
40
47
47
37
47
47
47
35
23
47
45
47
40
47
47
47
47
39
43
47
47
50
39
47
41
39
41
42
40
47
47
42
41
49
35
41
-1
47
38
47
47
40
47
35
29
40
47
41
42
35
41
25
49
33
41
41
47
41
39
33
41
34
50
48
47
47
47
47
-1
47
44
39
41
41
33
35
47
47
39
41
40
47
47
41
47
41
47
-1
39
35
47
40
-1
47
41
47
42
41
47
41
39
39
47
47
47
50
47
47
47
35
35
41
41
34
44
39
-1
47
47
42
43
35
47
47
35
47
42
47
31
35
-1
50
-1
47
47
47
39
47
34
41
39
37
41
47
47
50
47
35
35
47
47
47
41
47
35
41
47
47
48
47
35
40
32
47
41
47
41
40
43
41
39
39
32
51
44
47
50
47
47
47
39
47
47
47
39
47
39
40
47
40
19
47
47
30
47
50
47
35
47
47
41
29
47
31
35
38
47
35
47
40
40
-1
40
43
49
47
41
47
40
50
47
50
47
-1
47
44
-1
-1
41
47
47
47
32
47
41
35
40
47
39
39
35
47
47
47
-1
47
36
47
47
47
42
47
39
34
44
47
34
47
47
51
38
44
47
47
34
34
47
35
41
47
47
47
34
27
35
51
47
47
44
47
41
47
47
39
47
40
50
33
39
35
35
47
47
39
47
47
40
39
47
47
47
47
47
47
43
44
39
47
47
48
37
33
47
42
47
-1
35
50
47
47
51
35
47
47
47
47
47
35
47
-1
47
41
47
47
35
47
47
44
41
49
35
41
41
47
32
35
47
53
47
47
39
41
-1
44
35
47
-1
41
47
39
47
35
35
47
41
47
42
47
50
47
47
50
47
44
43
47
47
47
35
35
40
41
47
47
47
35
31
47
41
38
43
36
41
47
35
42
39
-1
35
39
47
47
47
42
35
41
35
42
47
47
47
47
39
41
32
41
47
39
47
32
47
47
35
47
47
41
47
37
-1
35
-1
47
41
50
47
39
32
47
47
41
35
41
35
35
35
41
43
35
47
47
-1
43
37
47
35
47
42
47
47
-1
47
44
47
39
41
40
39
41
47
48
47
47
47
-1
35
39
47
47
47
44
39
47
47
35
47
47
35
47
47
41
47
41
50
47
44
41
47
41
47
35
41
34
50
47
49
47
47
51
41
35
47
47
47
-1
47
47
-1
35
39
41
47
47
47
47
39
47
35
47
50
47
47
39
39
39
47
47
34
44
47
41
35
47
47
40
40
51
47
-1
35
42
47
42
41
35
41
41
41
42
35
41
37
41
47
38
44
41
47
41
-1
47
50
41
39
44
47
47
48
47
41
47
-1
39
47
-1
-1
47
47
47
42
47
35
47
35
44
35
47
47
40
41
47
44
44
39
41
41
39
32
47
42
39
41
47
47
43
50
35
47
47
40
41
47
32
47
32
47
32
47
41
35
41
47
-1
41
34
44
47
43
47
47
47
47
39
41
42
47
35
47
41
47
41
47
47
47
40
47
47
35
47
47
39
44
32
47
35
47
47
47
47
41
50
47
41
47
41
47
-1
47
35
35
39
47
47
47
42
47
47
34
47
40
47
47
35
47
47
39
47
41
47
47
41
50
47
47
-1
41
47
47
47
47
50
47
47
44
47
47
47
47
41
41
38
47
50
47
40
41
41
39
43
39
47
-1
35
48
39
40
42
39
39
